<?xml version="1.0" encoding="UTF-8"?>
<testng-results ignored="0" total="1" passed="1" failed="0" skipped="0">
  <reporter-output>
  </reporter-output>
  <suite started-at="2026-01-31T04:23:13 IST" name="Default suite" finished-at="2026-01-31T04:23:20 IST" duration-ms="7024">
    <groups>
    </groups>
    <test started-at="2026-01-31T04:23:13 IST" name="Default test" finished-at="2026-01-31T04:23:20 IST" duration-ms="7024">
      <class name="tests.CountryDropDown_Test">
        <test-method is-config="true" signature="launch()[pri:0, instance:tests.CountryDropDown_Test@485e36bc]" started-at="2026-01-31T04:23:13 IST" name="launch" finished-at="2026-01-31T04:23:14 IST" duration-ms="1440" status="PASS">
          <reporter-output>
          </reporter-output>
        </test-method> <!-- launch -->
        <test-method signature="countryselect()[pri:0, instance:tests.CountryDropDown_Test@485e36bc]" started-at="2026-01-31T04:23:14 IST" name="countryselect" finished-at="2026-01-31T04:23:19 IST" duration-ms="5052" status="PASS">
          <reporter-output>
          </reporter-output>
        </test-method> <!-- countryselect -->
        <test-method is-config="true" signature="Close()[pri:0, instance:tests.CountryDropDown_Test@485e36bc]" started-at="2026-01-31T04:23:19 IST" name="Close" finished-at="2026-01-31T04:23:20 IST" duration-ms="473" status="PASS">
          <reporter-output>
          </reporter-output>
        </test-method> <!-- Close -->
      </class> <!-- tests.CountryDropDown_Test -->
    </test> <!-- Default test -->
  </suite> <!-- Default suite -->
</testng-results>
