<?xml version="1.0" encoding="UTF-8"?>
<!-- Generated by org.testng.reporters.JUnitReportReporter -->
<testsuite hostname="DESKTOP-V1RIVCK" failures="0" tests="2" name="tests.staticPageNavigation_Test" time="15.643" errors="0" timestamp="2026-01-31T03:57:16 IST" skipped="0">
  <testcase classname="tests.staticPageNavigation_Test" name="StaticpageValidation1" time="3.855"/>
  <testcase classname="tests.staticPageNavigation_Test" name="StaticpageValidation" time="11.788"/>
</testsuite> <!-- tests.staticPageNavigation_Test -->
