<?xml version="1.0" encoding="UTF-8"?>
<testng-results ignored="0" total="2" passed="2" failed="0" skipped="0">
  <reporter-output>
  </reporter-output>
  <suite started-at="2026-01-28T21:52:38 IST" name="Default suite" finished-at="2026-01-28T21:54:51 IST" duration-ms="132479">
    <groups>
    </groups>
    <test started-at="2026-01-28T21:52:38 IST" name="Default test" finished-at="2026-01-28T21:54:51 IST" duration-ms="132479">
      <class name="tests.Kamera_Express_Test">
        <test-method is-config="true" signature="launch()[pri:0, instance:tests.Kamera_Express_Test@6b53bcc2]" started-at="2026-01-28T21:52:38 IST" name="launch" finished-at="2026-01-28T21:52:46 IST" duration-ms="7383" status="PASS">
          <reporter-output>
          </reporter-output>
        </test-method> <!-- launch -->
        <test-method signature="Login_Test()[pri:0, instance:tests.Kamera_Express_Test@6b53bcc2]" started-at="2026-01-28T21:52:46 IST" name="Login_Test" finished-at="2026-01-28T21:53:12 IST" duration-ms="25883" status="PASS">
          <reporter-output>
          </reporter-output>
        </test-method> <!-- Login_Test -->
        <test-method signature="Product_Test()[pri:1, instance:tests.Kamera_Express_Test@6b53bcc2]" started-at="2026-01-28T21:53:12 IST" name="Product_Test" finished-at="2026-01-28T21:54:51 IST" duration-ms="98718" status="PASS">
          <reporter-output>
          </reporter-output>
        </test-method> <!-- Product_Test -->
        <test-method is-config="true" signature="close()[pri:0, instance:tests.Kamera_Express_Test@6b53bcc2]" started-at="2026-01-28T21:54:51 IST" name="close" finished-at="2026-01-28T21:54:51 IST" duration-ms="351" status="PASS">
          <reporter-output>
          </reporter-output>
        </test-method> <!-- close -->
      </class> <!-- tests.Kamera_Express_Test -->
    </test> <!-- Default test -->
  </suite> <!-- Default suite -->
</testng-results>
